Dec-12 10:09:27.704 [main] DEBUG nextflow.cli.Launcher - $> nextflow run main.nf
Dec-12 10:09:27.806 [main] INFO  nextflow.cli.CmdRun - N E X T F L O W  ~  version 21.10.3
Dec-12 10:09:27.833 [main] INFO  nextflow.cli.CmdRun - Launching `main.nf` [pedantic_fermat] - revision: 29955d2060
Dec-12 10:09:27.850 [main] DEBUG nextflow.config.ConfigBuilder - Found config local: /home/chengzhongjian/deepsignal_nf/nextflow.config
Dec-12 10:09:27.851 [main] DEBUG nextflow.config.ConfigBuilder - Parsing config file: /home/chengzhongjian/deepsignal_nf/nextflow.config
Dec-12 10:09:27.875 [main] DEBUG nextflow.config.ConfigBuilder - Applying config profile: `standard`
Dec-12 10:09:28.648 [main] DEBUG nextflow.plugin.PluginsFacade - Setting up plugin manager > mode=prod; plugins-dir=/home/chengzhongjian/.nextflow/plugins
Dec-12 10:09:28.649 [main] DEBUG nextflow.plugin.PluginsFacade - Plugins default=[]
Dec-12 10:09:28.662 [main] INFO  org.pf4j.DefaultPluginStatusProvider - Enabled plugins: []
Dec-12 10:09:28.664 [main] INFO  org.pf4j.DefaultPluginStatusProvider - Disabled plugins: []
Dec-12 10:09:28.668 [main] INFO  org.pf4j.DefaultPluginManager - PF4J version 3.4.1 in 'deployment' mode
Dec-12 10:09:28.680 [main] INFO  org.pf4j.AbstractPluginManager - No plugins
Dec-12 10:09:28.747 [main] DEBUG nextflow.Session - Session uuid: 46a4e575-2978-4baf-af48-d019847f8bb0
Dec-12 10:09:28.747 [main] DEBUG nextflow.Session - Run name: pedantic_fermat
Dec-12 10:09:28.748 [main] DEBUG nextflow.Session - Executor pool size: 104
Dec-12 10:09:28.770 [main] DEBUG nextflow.cli.CmdRun - 
  Version: 21.10.3 build 5655
  Created: 23-11-2021 07:29 UTC (15:29 CDT)
  System: Linux 4.15.0-147-generic
  Runtime: Groovy 3.0.9 on OpenJDK 64-Bit Server VM 1.8.0_292-8u292-b10-0ubuntu1~18.04-b10
  Encoding: UTF-8 (UTF-8)
  Process: 36663@ubuntu [127.0.1.1]
  CPUs: 104 - Mem: 251.6 GB (90.9 GB) - Swap: 242.1 GB (241.9 GB)
Dec-12 10:09:28.790 [main] DEBUG nextflow.Session - Work-dir: /home/chengzhongjian/deepsignal_nf/work [ext2/ext3]
Dec-12 10:09:28.790 [main] DEBUG nextflow.Session - Script base path does not exist or is not a directory: /home/chengzhongjian/deepsignal_nf/bin
Dec-12 10:09:28.800 [main] DEBUG nextflow.executor.ExecutorFactory - Extension executors providers=[]
Dec-12 10:09:28.813 [main] DEBUG nextflow.Session - Observer factory: DefaultObserverFactory
Dec-12 10:09:28.862 [main] DEBUG nextflow.util.CustomThreadPool - Creating default thread pool > poolSize: 105; maxThreads: 1000
Dec-12 10:09:29.000 [main] DEBUG nextflow.Session - Session start invoked
Dec-12 10:09:29.355 [main] DEBUG nextflow.script.ScriptRunner - > Launching execution
Dec-12 10:09:29.393 [main] INFO  nextflow.script.BaseScript - Hello world
Dec-12 10:09:29.394 [main] DEBUG nextflow.Session - Workflow process names [dsl2]: sayHello
Dec-12 10:09:29.395 [main] DEBUG nextflow.Session - Ignite dataflow network (0)
Dec-12 10:09:29.395 [main] DEBUG nextflow.script.ScriptRunner - > Await termination 
Dec-12 10:09:29.395 [main] DEBUG nextflow.Session - Session await
Dec-12 10:09:29.395 [main] DEBUG nextflow.Session - Session await > all process finished
Dec-12 10:09:29.395 [main] DEBUG nextflow.Session - Session await > all barriers passed
Dec-12 10:09:29.406 [main] DEBUG nextflow.trace.WorkflowStatsObserver - Workflow completed > WorkflowStats[succeededCount=0; failedCount=0; ignoredCount=0; cachedCount=0; pendingCount=0; submittedCount=0; runningCount=0; retriesCount=0; abortedCount=0; succeedDuration=0ms; failedDuration=0ms; cachedDuration=0ms;loadCpus=0; loadMemory=0; peakRunning=0; peakCpus=0; peakMemory=0; ]
Dec-12 10:09:29.434 [main] DEBUG nextflow.CacheDB - Closing CacheDB done
Dec-12 10:09:29.449 [main] DEBUG nextflow.script.ScriptRunner - > Execution complete -- Goodbye
